<?xml version="1.0" encoding="UTF-8"?>
<testsuite xmlns:xsi="http://www.w3.org/2001/XMLSchema-instance" xsi:noNamespaceSchemaLocation="https://maven.apache.org/surefire/maven-surefire-plugin/xsd/surefire-test-report-3.0.xsd" version="3.0" name="gr.aueb.team1.domain.AddressTest" time="0.003" tests="2" errors="0" skipped="0" failures="0">
  <properties>
    <property name="sun.desktop" value="windows"/>
    <property name="awt.toolkit" value="sun.awt.windows.WToolkit"/>
    <property name="java.specification.version" value="11"/>
    <property name="sun.cpu.isalist" value="amd64"/>
    <property name="sun.jnu.encoding" value="Cp1253"/>
    <property name="java.class.path" value="C:\Users\kosta\OneDrive\Υπολογιστής\ΣΧΟΛΗ\Service Oriented Software Development in the Cloud\StockPortfolioManagement\target\test-classes;C:\Users\kosta\OneDrive\Υπολογιστής\ΣΧΟΛΗ\Service Oriented Software Development in the Cloud\StockPortfolioManagement\target\classes;C:\Users\kosta\.m2\repository\org\hibernate\hibernate-core\5.2.2.Final\hibernate-core-5.2.2.Final.jar;C:\Users\kosta\.m2\repository\org\jboss\logging\jboss-logging\3.3.0.Final\jboss-logging-3.3.0.Final.jar;C:\Users\kosta\.m2\repository\org\hibernate\javax\persistence\hibernate-jpa-2.1-api\1.0.0.Final\hibernate-jpa-2.1-api-1.0.0.Final.jar;C:\Users\kosta\.m2\repository\org\javassist\javassist\3.20.0-GA\javassist-3.20.0-GA.jar;C:\Users\kosta\.m2\repository\antlr\antlr\2.7.7\antlr-2.7.7.jar;C:\Users\kosta\.m2\repository\org\apache\geronimo\specs\geronimo-jta_1.1_spec\1.1.1\geronimo-jta_1.1_spec-1.1.1.jar;C:\Users\kosta\.m2\repository\org\jboss\jandex\2.0.0.Final\jandex-2.0.0.Final.jar;C:\Users\kosta\.m2\repository\com\fasterxml\classmate\1.3.0\classmate-1.3.0.jar;C:\Users\kosta\.m2\repository\dom4j\dom4j\1.6.1\dom4j-1.6.1.jar;C:\Users\kosta\.m2\repository\org\hibernate\common\hibernate-commons-annotations\5.0.1.Final\hibernate-commons-annotations-5.0.1.Final.jar;C:\Users\kosta\.m2\repository\javax\enterprise\cdi-api\1.1\cdi-api-1.1.jar;C:\Users\kosta\.m2\repository\javax\el\el-api\2.2\el-api-2.2.jar;C:\Users\kosta\.m2\repository\org\jboss\spec\javax\interceptor\jboss-interceptors-api_1.1_spec\1.0.0.Beta1\jboss-interceptors-api_1.1_spec-1.0.0.Beta1.jar;C:\Users\kosta\.m2\repository\javax\annotation\jsr250-api\1.0\jsr250-api-1.0.jar;C:\Users\kosta\.m2\repository\javax\inject\javax.inject\1\javax.inject-1.jar;C:\Users\kosta\.m2\repository\com\h2database\h2\1.4.192\h2-1.4.192.jar;C:\Users\kosta\.m2\repository\org\glassfish\jersey\containers\jersey-container-grizzly2-http\2.22.2\jersey-container-grizzly2-http-2.22.2.jar;C:\Users\kosta\.m2\repository\org\glassfish\hk2\external\javax.inject\2.4.0-b34\javax.inject-2.4.0-b34.jar;C:\Users\kosta\.m2\repository\org\glassfish\grizzly\grizzly-http-server\2.3.23\grizzly-http-server-2.3.23.jar;C:\Users\kosta\.m2\repository\org\glassfish\grizzly\grizzly-http\2.3.23\grizzly-http-2.3.23.jar;C:\Users\kosta\.m2\repository\org\glassfish\grizzly\grizzly-framework\2.3.23\grizzly-framework-2.3.23.jar;C:\Users\kosta\.m2\repository\org\glassfish\jersey\core\jersey-common\2.22.2\jersey-common-2.22.2.jar;C:\Users\kosta\.m2\repository\javax\annotation\javax.annotation-api\1.2\javax.annotation-api-1.2.jar;C:\Users\kosta\.m2\repository\org\glassfish\jersey\bundles\repackaged\jersey-guava\2.22.2\jersey-guava-2.22.2.jar;C:\Users\kosta\.m2\repository\org\glassfish\hk2\hk2-api\2.4.0-b34\hk2-api-2.4.0-b34.jar;C:\Users\kosta\.m2\repository\org\glassfish\hk2\hk2-utils\2.4.0-b34\hk2-utils-2.4.0-b34.jar;C:\Users\kosta\.m2\repository\org\glassfish\hk2\external\aopalliance-repackaged\2.4.0-b34\aopalliance-repackaged-2.4.0-b34.jar;C:\Users\kosta\.m2\repository\org\glassfish\hk2\hk2-locator\2.4.0-b34\hk2-locator-2.4.0-b34.jar;C:\Users\kosta\.m2\repository\org\glassfish\hk2\osgi-resource-locator\1.0.1\osgi-resource-locator-1.0.1.jar;C:\Users\kosta\.m2\repository\org\glassfish\jersey\core\jersey-server\2.22.2\jersey-server-2.22.2.jar;C:\Users\kosta\.m2\repository\org\glassfish\jersey\core\jersey-client\2.22.2\jersey-client-2.22.2.jar;C:\Users\kosta\.m2\repository\org\glassfish\jersey\media\jersey-media-jaxb\2.22.2\jersey-media-jaxb-2.22.2.jar;C:\Users\kosta\.m2\repository\javax\validation\validation-api\1.1.0.Final\validation-api-1.1.0.Final.jar;C:\Users\kosta\.m2\repository\javax\ws\rs\javax.ws.rs-api\2.0.1\javax.ws.rs-api-2.0.1.jar;C:\Users\kosta\.m2\repository\org\glassfish\jersey\media\jersey-media-moxy\2.22.2\jersey-media-moxy-2.22.2.jar;C:\Users\kosta\.m2\repository\org\glassfish\jersey\ext\jersey-entity-filtering\2.22.2\jersey-entity-filtering-2.22.2.jar;C:\Users\kosta\.m2\repository\org\eclipse\persistence\org.eclipse.persistence.moxy\2.6.0\org.eclipse.persistence.moxy-2.6.0.jar;C:\Users\kosta\.m2\repository\org\eclipse\persistence\org.eclipse.persistence.core\2.6.0\org.eclipse.persistence.core-2.6.0.jar;C:\Users\kosta\.m2\repository\org\eclipse\persistence\org.eclipse.persistence.asm\2.6.0\org.eclipse.persistence.asm-2.6.0.jar;C:\Users\kosta\.m2\repository\org\glassfish\javax.json\1.0.4\javax.json-1.0.4.jar;C:\Users\kosta\.m2\repository\org\junit\jupiter\junit-jupiter-api\5.6.1\junit-jupiter-api-5.6.1.jar;C:\Users\kosta\.m2\repository\org\apiguardian\apiguardian-api\1.1.0\apiguardian-api-1.1.0.jar;C:\Users\kosta\.m2\repository\org\opentest4j\opentest4j\1.2.0\opentest4j-1.2.0.jar;C:\Users\kosta\.m2\repository\org\junit\platform\junit-platform-commons\1.6.1\junit-platform-commons-1.6.1.jar;C:\Users\kosta\.m2\repository\org\junit\jupiter\junit-jupiter-engine\5.6.1\junit-jupiter-engine-5.6.1.jar;C:\Users\kosta\.m2\repository\org\junit\platform\junit-platform-engine\1.6.1\junit-platform-engine-1.6.1.jar;C:\Users\kosta\.m2\repository\org\junit\vintage\junit-vintage-engine\5.6.1\junit-vintage-engine-5.6.1.jar;C:\Users\kosta\.m2\repository\junit\junit\4.13\junit-4.13.jar;C:\Users\kosta\.m2\repository\org\hamcrest\hamcrest-core\1.3\hamcrest-core-1.3.jar;C:\Users\kosta\.m2\repository\org\glassfish\jersey\test-framework\providers\jersey-test-framework-provider-grizzly2\2.22.2\jersey-test-framework-provider-grizzly2-2.22.2.jar;C:\Users\kosta\.m2\repository\org\glassfish\jersey\test-framework\jersey-test-framework-core\2.22.2\jersey-test-framework-core-2.22.2.jar;C:\Users\kosta\.m2\repository\org\glassfish\jersey\containers\jersey-container-servlet-core\2.22.2\jersey-container-servlet-core-2.22.2.jar;C:\Users\kosta\.m2\repository\javax\servlet\javax.servlet-api\3.0.1\javax.servlet-api-3.0.1.jar;C:\Users\kosta\.m2\repository\org\glassfish\jersey\containers\jersey-container-grizzly2-servlet\2.22.2\jersey-container-grizzly2-servlet-2.22.2.jar;C:\Users\kosta\.m2\repository\org\glassfish\jersey\containers\jersey-container-servlet\2.22.2\jersey-container-servlet-2.22.2.jar;C:\Users\kosta\.m2\repository\org\glassfish\grizzly\grizzly-http-servlet\2.3.23\grizzly-http-servlet-2.3.23.jar;C:\Users\kosta\.m2\repository\org\ow2\asm\asm-debug-all\5.0.4\asm-debug-all-5.0.4.jar;C:\Users\kosta\.m2\repository\org\mockito\mockito-core\3.3.3\mockito-core-3.3.3.jar;C:\Users\kosta\.m2\repository\net\bytebuddy\byte-buddy\1.10.5\byte-buddy-1.10.5.jar;C:\Users\kosta\.m2\repository\net\bytebuddy\byte-buddy-agent\1.10.5\byte-buddy-agent-1.10.5.jar;C:\Users\kosta\.m2\repository\org\objenesis\objenesis\2.6\objenesis-2.6.jar;C:\Users\kosta\.m2\repository\javassist\javassist\3.12.1.GA\javassist-3.12.1.GA.jar;C:\Users\kosta\.m2\repository\com\sun\activation\javax.activation\1.2.0\javax.activation-1.2.0.jar;C:\Users\kosta\.m2\repository\com\sun\xml\ws\jaxws-rt\2.3.3\jaxws-rt-2.3.3.jar;C:\Users\kosta\.m2\repository\com\sun\xml\ws\policy\2.7.10\policy-2.7.10.jar;C:\Users\kosta\.m2\repository\org\glassfish\ha\ha-api\3.1.12\ha-api-3.1.12.jar;C:\Users\kosta\.m2\repository\org\glassfish\external\management-api\3.2.2\management-api-3.2.2.jar;C:\Users\kosta\.m2\repository\org\glassfish\gmbal\gmbal\4.0.1\gmbal-4.0.1.jar;C:\Users\kosta\.m2\repository\org\glassfish\pfl\pfl-tf\4.1.0\pfl-tf-4.1.0.jar;C:\Users\kosta\.m2\repository\org\glassfish\pfl\pfl-basic\4.1.0\pfl-basic-4.1.0.jar;C:\Users\kosta\.m2\repository\org\jvnet\staxex\stax-ex\1.8.3\stax-ex-1.8.3.jar;C:\Users\kosta\.m2\repository\com\sun\xml\stream\buffer\streambuffer\1.5.9\streambuffer-1.5.9.jar;C:\Users\kosta\.m2\repository\org\jvnet\mimepull\mimepull\1.9.13\mimepull-1.9.13.jar;C:\Users\kosta\.m2\repository\com\sun\xml\fastinfoset\FastInfoset\1.2.18\FastInfoset-1.2.18.jar;C:\Users\kosta\.m2\repository\com\sun\activation\jakarta.activation\1.2.2\jakarta.activation-1.2.2.jar;C:\Users\kosta\.m2\repository\com\sun\xml\messaging\saaj\saaj-impl\1.5.2\saaj-impl-1.5.2.jar;C:\Users\kosta\.m2\repository\com\fasterxml\woodstox\woodstox-core\5.1.0\woodstox-core-5.1.0.jar;C:\Users\kosta\.m2\repository\org\codehaus\woodstox\stax2-api\4.1\stax2-api-4.1.jar;C:\Users\kosta\.m2\repository\com\sun\xml\ws\jaxws-tools\2.3.3\jaxws-tools-2.3.3.jar;C:\Users\kosta\.m2\repository\com\sun\xml\bind\jaxb-xjc\2.3.3\jaxb-xjc-2.3.3.jar;C:\Users\kosta\.m2\repository\com\sun\xml\bind\jaxb-jxc\2.3.3\jaxb-jxc-2.3.3.jar;C:\Users\kosta\.m2\repository\com\sun\xml\ws\jaxws-eclipselink-plugin\2.3.3\jaxws-eclipselink-plugin-2.3.3.jar;C:\Users\kosta\.m2\repository\jakarta\persistence\jakarta.persistence-api\2.2.3\jakarta.persistence-api-2.2.3.jar;C:\Users\kosta\.m2\repository\com\sun\mail\jakarta.mail\1.6.5\jakarta.mail-1.6.5.jar;C:\Users\kosta\.m2\repository\com\sun\xml\ws\sdo-eclipselink-plugin\2.3.3\sdo-eclipselink-plugin-2.3.3.jar;C:\Users\kosta\.m2\repository\org\eclipse\persistence\org.eclipse.persistence.sdo\2.7.6\org.eclipse.persistence.sdo-2.7.6.jar;C:\Users\kosta\.m2\repository\org\eclipse\persistence\commonj.sdo\2.1.1\commonj.sdo-2.1.1.jar;C:\Users\kosta\.m2\repository\jakarta\xml\ws\jakarta.xml.ws-api\2.3.3\jakarta.xml.ws-api-2.3.3.jar;C:\Users\kosta\.m2\repository\jakarta\xml\bind\jakarta.xml.bind-api\2.3.3\jakarta.xml.bind-api-2.3.3.jar;C:\Users\kosta\.m2\repository\jakarta\xml\soap\jakarta.xml.soap-api\1.4.2\jakarta.xml.soap-api-1.4.2.jar;C:\Users\kosta\.m2\repository\jakarta\jws\jakarta.jws-api\2.1.0\jakarta.jws-api-2.1.0.jar;C:\Users\kosta\.m2\repository\jakarta\annotation\jakarta.annotation-api\1.3.5\jakarta.annotation-api-1.3.5.jar;C:\Users\kosta\.m2\repository\javax\xml\bind\jaxb-api\2.3.1\jaxb-api-2.3.1.jar;C:\Users\kosta\.m2\repository\javax\activation\javax.activation-api\1.2.0\javax.activation-api-1.2.0.jar;C:\Users\kosta\.m2\repository\com\sun\xml\bind\jaxb-impl\2.3.1\jaxb-impl-2.3.1.jar;"/>
    <property name="java.vm.vendor" value="Oracle Corporation"/>
    <property name="sun.arch.data.model" value="64"/>
    <property name="user.variant" value=""/>
    <property name="java.vendor.url" value="https://openjdk.java.net/"/>
    <property name="user.timezone" value="Europe/Athens"/>
    <property name="user.country.format" value="GR"/>
    <property name="java.vm.specification.version" value="11"/>
    <property name="os.name" value="Windows 10"/>
    <property name="sun.java.launcher" value="SUN_STANDARD"/>
    <property name="user.country" value="US"/>
    <property name="sun.boot.library.path" value="C:\Program Files\Java\jdk-11.0.12\bin"/>
    <property name="sun.java.command" value="C:\Users\kosta\AppData\Local\Temp\surefire6824535817134804610\surefirebooter2222176654850616391.jar C:\Users\kosta\AppData\Local\Temp\surefire6824535817134804610 2022-03-10T17-42-51_302-jvmRun1 surefire4283881740820367304tmp surefire_02764051591852581839tmp"/>
    <property name="jdk.debug" value="release"/>
    <property name="surefire.test.class.path" value="C:\Users\kosta\OneDrive\Υπολογιστής\ΣΧΟΛΗ\Service Oriented Software Development in the Cloud\StockPortfolioManagement\target\test-classes;C:\Users\kosta\OneDrive\Υπολογιστής\ΣΧΟΛΗ\Service Oriented Software Development in the Cloud\StockPortfolioManagement\target\classes;C:\Users\kosta\.m2\repository\org\hibernate\hibernate-core\5.2.2.Final\hibernate-core-5.2.2.Final.jar;C:\Users\kosta\.m2\repository\org\jboss\logging\jboss-logging\3.3.0.Final\jboss-logging-3.3.0.Final.jar;C:\Users\kosta\.m2\repository\org\hibernate\javax\persistence\hibernate-jpa-2.1-api\1.0.0.Final\hibernate-jpa-2.1-api-1.0.0.Final.jar;C:\Users\kosta\.m2\repository\org\javassist\javassist\3.20.0-GA\javassist-3.20.0-GA.jar;C:\Users\kosta\.m2\repository\antlr\antlr\2.7.7\antlr-2.7.7.jar;C:\Users\kosta\.m2\repository\org\apache\geronimo\specs\geronimo-jta_1.1_spec\1.1.1\geronimo-jta_1.1_spec-1.1.1.jar;C:\Users\kosta\.m2\repository\org\jboss\jandex\2.0.0.Final\jandex-2.0.0.Final.jar;C:\Users\kosta\.m2\repository\com\fasterxml\classmate\1.3.0\classmate-1.3.0.jar;C:\Users\kosta\.m2\repository\dom4j\dom4j\1.6.1\dom4j-1.6.1.jar;C:\Users\kosta\.m2\repository\org\hibernate\common\hibernate-commons-annotations\5.0.1.Final\hibernate-commons-annotations-5.0.1.Final.jar;C:\Users\kosta\.m2\repository\javax\enterprise\cdi-api\1.1\cdi-api-1.1.jar;C:\Users\kosta\.m2\repository\javax\el\el-api\2.2\el-api-2.2.jar;C:\Users\kosta\.m2\repository\org\jboss\spec\javax\interceptor\jboss-interceptors-api_1.1_spec\1.0.0.Beta1\jboss-interceptors-api_1.1_spec-1.0.0.Beta1.jar;C:\Users\kosta\.m2\repository\javax\annotation\jsr250-api\1.0\jsr250-api-1.0.jar;C:\Users\kosta\.m2\repository\javax\inject\javax.inject\1\javax.inject-1.jar;C:\Users\kosta\.m2\repository\com\h2database\h2\1.4.192\h2-1.4.192.jar;C:\Users\kosta\.m2\repository\org\glassfish\jersey\containers\jersey-container-grizzly2-http\2.22.2\jersey-container-grizzly2-http-2.22.2.jar;C:\Users\kosta\.m2\repository\org\glassfish\hk2\external\javax.inject\2.4.0-b34\javax.inject-2.4.0-b34.jar;C:\Users\kosta\.m2\repository\org\glassfish\grizzly\grizzly-http-server\2.3.23\grizzly-http-server-2.3.23.jar;C:\Users\kosta\.m2\repository\org\glassfish\grizzly\grizzly-http\2.3.23\grizzly-http-2.3.23.jar;C:\Users\kosta\.m2\repository\org\glassfish\grizzly\grizzly-framework\2.3.23\grizzly-framework-2.3.23.jar;C:\Users\kosta\.m2\repository\org\glassfish\jersey\core\jersey-common\2.22.2\jersey-common-2.22.2.jar;C:\Users\kosta\.m2\repository\javax\annotation\javax.annotation-api\1.2\javax.annotation-api-1.2.jar;C:\Users\kosta\.m2\repository\org\glassfish\jersey\bundles\repackaged\jersey-guava\2.22.2\jersey-guava-2.22.2.jar;C:\Users\kosta\.m2\repository\org\glassfish\hk2\hk2-api\2.4.0-b34\hk2-api-2.4.0-b34.jar;C:\Users\kosta\.m2\repository\org\glassfish\hk2\hk2-utils\2.4.0-b34\hk2-utils-2.4.0-b34.jar;C:\Users\kosta\.m2\repository\org\glassfish\hk2\external\aopalliance-repackaged\2.4.0-b34\aopalliance-repackaged-2.4.0-b34.jar;C:\Users\kosta\.m2\repository\org\glassfish\hk2\hk2-locator\2.4.0-b34\hk2-locator-2.4.0-b34.jar;C:\Users\kosta\.m2\repository\org\glassfish\hk2\osgi-resource-locator\1.0.1\osgi-resource-locator-1.0.1.jar;C:\Users\kosta\.m2\repository\org\glassfish\jersey\core\jersey-server\2.22.2\jersey-server-2.22.2.jar;C:\Users\kosta\.m2\repository\org\glassfish\jersey\core\jersey-client\2.22.2\jersey-client-2.22.2.jar;C:\Users\kosta\.m2\repository\org\glassfish\jersey\media\jersey-media-jaxb\2.22.2\jersey-media-jaxb-2.22.2.jar;C:\Users\kosta\.m2\repository\javax\validation\validation-api\1.1.0.Final\validation-api-1.1.0.Final.jar;C:\Users\kosta\.m2\repository\javax\ws\rs\javax.ws.rs-api\2.0.1\javax.ws.rs-api-2.0.1.jar;C:\Users\kosta\.m2\repository\org\glassfish\jersey\media\jersey-media-moxy\2.22.2\jersey-media-moxy-2.22.2.jar;C:\Users\kosta\.m2\repository\org\glassfish\jersey\ext\jersey-entity-filtering\2.22.2\jersey-entity-filtering-2.22.2.jar;C:\Users\kosta\.m2\repository\org\eclipse\persistence\org.eclipse.persistence.moxy\2.6.0\org.eclipse.persistence.moxy-2.6.0.jar;C:\Users\kosta\.m2\repository\org\eclipse\persistence\org.eclipse.persistence.core\2.6.0\org.eclipse.persistence.core-2.6.0.jar;C:\Users\kosta\.m2\repository\org\eclipse\persistence\org.eclipse.persistence.asm\2.6.0\org.eclipse.persistence.asm-2.6.0.jar;C:\Users\kosta\.m2\repository\org\glassfish\javax.json\1.0.4\javax.json-1.0.4.jar;C:\Users\kosta\.m2\repository\org\junit\jupiter\junit-jupiter-api\5.6.1\junit-jupiter-api-5.6.1.jar;C:\Users\kosta\.m2\repository\org\apiguardian\apiguardian-api\1.1.0\apiguardian-api-1.1.0.jar;C:\Users\kosta\.m2\repository\org\opentest4j\opentest4j\1.2.0\opentest4j-1.2.0.jar;C:\Users\kosta\.m2\repository\org\junit\platform\junit-platform-commons\1.6.1\junit-platform-commons-1.6.1.jar;C:\Users\kosta\.m2\repository\org\junit\jupiter\junit-jupiter-engine\5.6.1\junit-jupiter-engine-5.6.1.jar;C:\Users\kosta\.m2\repository\org\junit\platform\junit-platform-engine\1.6.1\junit-platform-engine-1.6.1.jar;C:\Users\kosta\.m2\repository\org\junit\vintage\junit-vintage-engine\5.6.1\junit-vintage-engine-5.6.1.jar;C:\Users\kosta\.m2\repository\junit\junit\4.13\junit-4.13.jar;C:\Users\kosta\.m2\repository\org\hamcrest\hamcrest-core\1.3\hamcrest-core-1.3.jar;C:\Users\kosta\.m2\repository\org\glassfish\jersey\test-framework\providers\jersey-test-framework-provider-grizzly2\2.22.2\jersey-test-framework-provider-grizzly2-2.22.2.jar;C:\Users\kosta\.m2\repository\org\glassfish\jersey\test-framework\jersey-test-framework-core\2.22.2\jersey-test-framework-core-2.22.2.jar;C:\Users\kosta\.m2\repository\org\glassfish\jersey\containers\jersey-container-servlet-core\2.22.2\jersey-container-servlet-core-2.22.2.jar;C:\Users\kosta\.m2\repository\javax\servlet\javax.servlet-api\3.0.1\javax.servlet-api-3.0.1.jar;C:\Users\kosta\.m2\repository\org\glassfish\jersey\containers\jersey-container-grizzly2-servlet\2.22.2\jersey-container-grizzly2-servlet-2.22.2.jar;C:\Users\kosta\.m2\repository\org\glassfish\jersey\containers\jersey-container-servlet\2.22.2\jersey-container-servlet-2.22.2.jar;C:\Users\kosta\.m2\repository\org\glassfish\grizzly\grizzly-http-servlet\2.3.23\grizzly-http-servlet-2.3.23.jar;C:\Users\kosta\.m2\repository\org\ow2\asm\asm-debug-all\5.0.4\asm-debug-all-5.0.4.jar;C:\Users\kosta\.m2\repository\org\mockito\mockito-core\3.3.3\mockito-core-3.3.3.jar;C:\Users\kosta\.m2\repository\net\bytebuddy\byte-buddy\1.10.5\byte-buddy-1.10.5.jar;C:\Users\kosta\.m2\repository\net\bytebuddy\byte-buddy-agent\1.10.5\byte-buddy-agent-1.10.5.jar;C:\Users\kosta\.m2\repository\org\objenesis\objenesis\2.6\objenesis-2.6.jar;C:\Users\kosta\.m2\repository\javassist\javassist\3.12.1.GA\javassist-3.12.1.GA.jar;C:\Users\kosta\.m2\repository\com\sun\activation\javax.activation\1.2.0\javax.activation-1.2.0.jar;C:\Users\kosta\.m2\repository\com\sun\xml\ws\jaxws-rt\2.3.3\jaxws-rt-2.3.3.jar;C:\Users\kosta\.m2\repository\com\sun\xml\ws\policy\2.7.10\policy-2.7.10.jar;C:\Users\kosta\.m2\repository\org\glassfish\ha\ha-api\3.1.12\ha-api-3.1.12.jar;C:\Users\kosta\.m2\repository\org\glassfish\external\management-api\3.2.2\management-api-3.2.2.jar;C:\Users\kosta\.m2\repository\org\glassfish\gmbal\gmbal\4.0.1\gmbal-4.0.1.jar;C:\Users\kosta\.m2\repository\org\glassfish\pfl\pfl-tf\4.1.0\pfl-tf-4.1.0.jar;C:\Users\kosta\.m2\repository\org\glassfish\pfl\pfl-basic\4.1.0\pfl-basic-4.1.0.jar;C:\Users\kosta\.m2\repository\org\jvnet\staxex\stax-ex\1.8.3\stax-ex-1.8.3.jar;C:\Users\kosta\.m2\repository\com\sun\xml\stream\buffer\streambuffer\1.5.9\streambuffer-1.5.9.jar;C:\Users\kosta\.m2\repository\org\jvnet\mimepull\mimepull\1.9.13\mimepull-1.9.13.jar;C:\Users\kosta\.m2\repository\com\sun\xml\fastinfoset\FastInfoset\1.2.18\FastInfoset-1.2.18.jar;C:\Users\kosta\.m2\repository\com\sun\activation\jakarta.activation\1.2.2\jakarta.activation-1.2.2.jar;C:\Users\kosta\.m2\repository\com\sun\xml\messaging\saaj\saaj-impl\1.5.2\saaj-impl-1.5.2.jar;C:\Users\kosta\.m2\repository\com\fasterxml\woodstox\woodstox-core\5.1.0\woodstox-core-5.1.0.jar;C:\Users\kosta\.m2\repository\org\codehaus\woodstox\stax2-api\4.1\stax2-api-4.1.jar;C:\Users\kosta\.m2\repository\com\sun\xml\ws\jaxws-tools\2.3.3\jaxws-tools-2.3.3.jar;C:\Users\kosta\.m2\repository\com\sun\xml\bind\jaxb-xjc\2.3.3\jaxb-xjc-2.3.3.jar;C:\Users\kosta\.m2\repository\com\sun\xml\bind\jaxb-jxc\2.3.3\jaxb-jxc-2.3.3.jar;C:\Users\kosta\.m2\repository\com\sun\xml\ws\jaxws-eclipselink-plugin\2.3.3\jaxws-eclipselink-plugin-2.3.3.jar;C:\Users\kosta\.m2\repository\jakarta\persistence\jakarta.persistence-api\2.2.3\jakarta.persistence-api-2.2.3.jar;C:\Users\kosta\.m2\repository\com\sun\mail\jakarta.mail\1.6.5\jakarta.mail-1.6.5.jar;C:\Users\kosta\.m2\repository\com\sun\xml\ws\sdo-eclipselink-plugin\2.3.3\sdo-eclipselink-plugin-2.3.3.jar;C:\Users\kosta\.m2\repository\org\eclipse\persistence\org.eclipse.persistence.sdo\2.7.6\org.eclipse.persistence.sdo-2.7.6.jar;C:\Users\kosta\.m2\repository\org\eclipse\persistence\commonj.sdo\2.1.1\commonj.sdo-2.1.1.jar;C:\Users\kosta\.m2\repository\jakarta\xml\ws\jakarta.xml.ws-api\2.3.3\jakarta.xml.ws-api-2.3.3.jar;C:\Users\kosta\.m2\repository\jakarta\xml\bind\jakarta.xml.bind-api\2.3.3\jakarta.xml.bind-api-2.3.3.jar;C:\Users\kosta\.m2\repository\jakarta\xml\soap\jakarta.xml.soap-api\1.4.2\jakarta.xml.soap-api-1.4.2.jar;C:\Users\kosta\.m2\repository\jakarta\jws\jakarta.jws-api\2.1.0\jakarta.jws-api-2.1.0.jar;C:\Users\kosta\.m2\repository\jakarta\annotation\jakarta.annotation-api\1.3.5\jakarta.annotation-api-1.3.5.jar;C:\Users\kosta\.m2\repository\javax\xml\bind\jaxb-api\2.3.1\jaxb-api-2.3.1.jar;C:\Users\kosta\.m2\repository\javax\activation\javax.activation-api\1.2.0\javax.activation-api-1.2.0.jar;C:\Users\kosta\.m2\repository\com\sun\xml\bind\jaxb-impl\2.3.1\jaxb-impl-2.3.1.jar;"/>
    <property name="sun.cpu.endian" value="little"/>
    <property name="user.home" value="C:\Users\kosta"/>
    <property name="user.language" value="en"/>
    <property name="java.specification.vendor" value="Oracle Corporation"/>
    <property name="java.version.date" value="2021-07-20"/>
    <property name="java.home" value="C:\Program Files\Java\jdk-11.0.12"/>
    <property name="file.separator" value="\"/>
    <property name="basedir" value="C:\Users\kosta\OneDrive\Υπολογιστής\ΣΧΟΛΗ\Service Oriented Software Development in the Cloud\StockPortfolioManagement"/>
    <property name="java.vm.compressedOopsMode" value="32-bit"/>
    <property name="line.separator" value="&#10;"/>
    <property name="java.specification.name" value="Java Platform API Specification"/>
    <property name="java.vm.specification.vendor" value="Oracle Corporation"/>
    <property name="java.awt.graphicsenv" value="sun.awt.Win32GraphicsEnvironment"/>
    <property name="surefire.real.class.path" value="C:\Users\kosta\AppData\Local\Temp\surefire6824535817134804610\surefirebooter2222176654850616391.jar"/>
    <property name="user.script" value=""/>
    <property name="sun.management.compiler" value="HotSpot 64-Bit Tiered Compilers"/>
    <property name="java.runtime.version" value="11.0.12+8-LTS-237"/>
    <property name="user.name" value="FLiPPyPwN"/>
    <property name="path.separator" value=";"/>
    <property name="os.version" value="10.0"/>
    <property name="java.runtime.name" value="Java(TM) SE Runtime Environment"/>
    <property name="file.encoding" value="Cp1253"/>
    <property name="java.vm.name" value="Java HotSpot(TM) 64-Bit Server VM"/>
    <property name="java.vendor.version" value="18.9"/>
    <property name="localRepository" value="C:\Users\kosta\.m2\repository"/>
    <property name="java.vendor.url.bug" value="https://bugreport.java.com/bugreport/"/>
    <property name="java.io.tmpdir" value="C:\Users\kosta\AppData\Local\Temp\"/>
    <property name="idea.version" value="2021.2.4"/>
    <property name="java.version" value="11.0.12"/>
    <property name="user.dir" value="C:\Users\kosta\OneDrive\Υπολογιστής\ΣΧΟΛΗ\Service Oriented Software Development in the Cloud\StockPortfolioManagement"/>
    <property name="os.arch" value="amd64"/>
    <property name="java.vm.specification.name" value="Java Virtual Machine Specification"/>
    <property name="java.awt.printerjob" value="sun.awt.windows.WPrinterJob"/>
    <property name="user.language.format" value="el"/>
    <property name="sun.os.patch.level" value=""/>
    <property name="java.library.path" value="C:\Program Files\Java\jdk-11.0.12\bin;C:\WINDOWS\Sun\Java\bin;C:\WINDOWS\system32;C:\WINDOWS;C:\Program Files\Common Files\Oracle\Java\javapath;C:\Program Files (x86)\Common Files\Oracle\Java\javapath;C:\Users\kosta\AppData\Roaming\ActiveState\bin;C:\WINDOWS\system32;C:\WINDOWS;C:\WINDOWS\System32\Wbem;C:\WINDOWS\System32\WindowsPowerShell\v1.0\;C:\WINDOWS\System32\OpenSSH\;C:\Program Files\Git\cmd;C:\Program Files\nodejs\;C:\Program Files\flutter\bin;C:\Program Files (x86)\Microsoft SQL Server\90\Tools\binn\;C:\Program Files\Microsoft SQL Server\130\Tools\Binn\;C:\Program Files (x86)\Calibre2\;C:\Strawberry\c\bin;C:\Strawberry\perl\site\bin;C:\Strawberry\perl\bin;C:\Program Files (x86)\Windows Kits\8.1\Windows Performance Toolkit\;C:\Program Files\CMake\bin;C:\Program Files (x86)\sbt\bin;C:\Program Files\dotnet\;C:\Program Files (x86)\Microsoft Visual Studio\Common\Tools\WinNT;C:\Program Files (x86)\Microsoft Visual Studio\Common\MSDev98\Bin;C:\Program Files (x86)\Microsoft Visual Studio\Common\Tools;C:\Program Files (x86)\Microsoft Visual Studio\VC98\bin;C:\Users\kosta\AppData\Local\Programs\AdoptOpenJDK\bin;C:\Users\kosta\AppData\Local\Programs\Python\Python37\Scripts\;C:\Users\kosta\AppData\Local\Programs\Python\Python37\;C:\Users\kosta\AppData\Local\Microsoft\WindowsApps;C:\Users\kosta\AppData\Local\Programs\Microsoft VS Code\bin;C:\Program Files\MongoDB\Server\4.2\bin;C:\Users\kosta\.dotnet\tools;C:\Users\kosta\AppData\Local\Microsoft\WindowsApps;C:\Users\kosta\AppData\Roaming\npm;C:\Program Files\flutter\bin;C:\temp\TempNASM\packages\nasm.2.10.07\tools;C:\Program Files (x86)\OpenSSL\include;C:\Program Files (x86)\Windows Kits\8.1\Include;C:\Program Files\CMake\bin;C:\Program Files (x86)\Windows Kits\10\Include;C:\Program Files (x86)\Windows Kits\10\bin;C:\Program Files (x86)\Windows Kits\8.1\bin;C:\b2\bin;C:\Spark\spark-3.1.2-bin-hadoop3.2\bin;C:\hadoop\bin;C:\Users\kosta\.dotnet\tools;."/>
    <property name="java.vendor" value="Oracle Corporation"/>
    <property name="java.vm.info" value="mixed mode"/>
    <property name="java.vm.version" value="11.0.12+8-LTS-237"/>
    <property name="sun.io.unicode.encoding" value="UnicodeLittle"/>
    <property name="java.class.version" value="55.0"/>
  </properties>
  <testcase name="setGetTest" classname="gr.aueb.team1.domain.AddressTest" time="0"/>
  <testcase name="toStringTest" classname="gr.aueb.team1.domain.AddressTest" time="0.001"/>
</testsuite>